2019-12-04 14:07:24,237 ERROR 756 [-/127.0.0.1/-/20ms GET /] nodejs.TypeError: ctx.body is not a function
    at IndexController.init (D:\内网通\学习\高级node\练习\egg-demo\app\controller\index.js:4:13)
    at Object.callFn (D:\内网通\学习\高级node\练习\egg-demo\node_modules\egg-core\lib\utils\index.js:44:21)
    at Object.classControllerMiddleware (D:\内网通\学习\高级node\练习\egg-demo\node_modules\egg-core\lib\loader\mixin\controller.js:87:20)
    at Object.callFn (D:\内网通\学习\高级node\练习\egg-demo\node_modules\@eggjs\router\lib\utils.js:12:21)
    at wrappedController (D:\内网通\学习\高级node\练习\egg-demo\node_modules\@eggjs\router\lib\egg_router.js:322:18)
    at dispatch (D:\内网通\学习\高级node\练习\egg-demo\node_modules\koa-compose\index.js:44:32)
    at next (D:\内网通\学习\高级node\练习\egg-demo\node_modules\koa-compose\index.js:45:18)
    at D:\内网通\学习\高级node\练习\egg-demo\node_modules\@eggjs\router\lib\router.js:190:18
    at dispatch (D:\内网通\学习\高级node\练习\egg-demo\node_modules\koa-compose\index.js:44:32)
    at D:\内网通\学习\高级node\练习\egg-demo\node_modules\koa-compose\index.js:36:12

pid: 756
hostname: DESKTOP-RU9Q0D0

2019-12-04 14:53:01,478 ERROR 14596 [-/127.0.0.1/-/9ms GET /registry?parsword=123456&username=zs&check=1] nodejs.TypeError: Cannot read property 'validate' of undefined
    at module.exports.index (D:\内网通\学习\高级node\练习\egg-demo\app\controller\user.js:6:35)
    at Object.callFn (D:\内网通\学习\高级node\练习\egg-demo\node_modules\egg-core\lib\utils\index.js:44:21)
    at Object.classControllerMiddleware (D:\内网通\学习\高级node\练习\egg-demo\node_modules\egg-core\lib\loader\mixin\controller.js:87:20)
    at Object.callFn (D:\内网通\学习\高级node\练习\egg-demo\node_modules\@eggjs\router\lib\utils.js:12:21)
    at wrappedController (D:\内网通\学习\高级node\练习\egg-demo\node_modules\@eggjs\router\lib\egg_router.js:322:18)
    at dispatch (D:\内网通\学习\高级node\练习\egg-demo\node_modules\koa-compose\index.js:44:32)
    at next (D:\内网通\学习\高级node\练习\egg-demo\node_modules\koa-compose\index.js:45:18)
    at D:\内网通\学习\高级node\练习\egg-demo\node_modules\@eggjs\router\lib\router.js:190:18
    at dispatch (D:\内网通\学习\高级node\练习\egg-demo\node_modules\koa-compose\index.js:44:32)
    at D:\内网通\学习\高级node\练习\egg-demo\node_modules\koa-compose\index.js:36:12

pid: 14596
hostname: DESKTOP-RU9Q0D0

2019-12-04 15:03:33,560 ERROR 14596 [-/127.0.0.1/-/4ms GET /registry] nodejs.TypeError: Cannot read property 'validate' of undefined
    at module.exports.index (D:\内网通\学习\高级node\练习\egg-demo\app\controller\user.js:6:35)
    at Object.callFn (D:\内网通\学习\高级node\练习\egg-demo\node_modules\egg-core\lib\utils\index.js:44:21)
    at Object.classControllerMiddleware (D:\内网通\学习\高级node\练习\egg-demo\node_modules\egg-core\lib\loader\mixin\controller.js:87:20)
    at Object.callFn (D:\内网通\学习\高级node\练习\egg-demo\node_modules\@eggjs\router\lib\utils.js:12:21)
    at wrappedController (D:\内网通\学习\高级node\练习\egg-demo\node_modules\@eggjs\router\lib\egg_router.js:322:18)
    at dispatch (D:\内网通\学习\高级node\练习\egg-demo\node_modules\koa-compose\index.js:44:32)
    at next (D:\内网通\学习\高级node\练习\egg-demo\node_modules\koa-compose\index.js:45:18)
    at D:\内网通\学习\高级node\练习\egg-demo\node_modules\@eggjs\router\lib\router.js:190:18
    at dispatch (D:\内网通\学习\高级node\练习\egg-demo\node_modules\koa-compose\index.js:44:32)
    at D:\内网通\学习\高级node\练习\egg-demo\node_modules\koa-compose\index.js:36:12

pid: 14596
hostname: DESKTOP-RU9Q0D0

2019-12-04 19:05:55,164 ERROR 11996 [-/127.0.0.1/-/55ms POST /registry] nodejs.TypeError: Cannot read property 'validate' of undefined
    at module.exports.index (D:\内网通\学习\高级node\练习\egg-demo\app\controller\user.js:11:35)
    at Object.callFn (D:\内网通\学习\高级node\练习\egg-demo\node_modules\egg-core\lib\utils\index.js:44:21)
    at Object.classControllerMiddleware (D:\内网通\学习\高级node\练习\egg-demo\node_modules\egg-core\lib\loader\mixin\controller.js:87:20)
    at Object.callFn (D:\内网通\学习\高级node\练习\egg-demo\node_modules\@eggjs\router\lib\utils.js:12:21)
    at wrappedController (D:\内网通\学习\高级node\练习\egg-demo\node_modules\@eggjs\router\lib\egg_router.js:322:18)
    at dispatch (D:\内网通\学习\高级node\练习\egg-demo\node_modules\koa-compose\index.js:44:32)
    at next (D:\内网通\学习\高级node\练习\egg-demo\node_modules\koa-compose\index.js:45:18)
    at D:\内网通\学习\高级node\练习\egg-demo\node_modules\@eggjs\router\lib\router.js:190:18
    at dispatch (D:\内网通\学习\高级node\练习\egg-demo\node_modules\koa-compose\index.js:44:32)
    at D:\内网通\学习\高级node\练习\egg-demo\node_modules\koa-compose\index.js:36:12

pid: 11996
hostname: DESKTOP-RU9Q0D0

2019-12-04 19:30:42,472 ERROR 15960 [-/127.0.0.1/-/43ms POST /registry] nodejs.TypeError: Cannot read property 'validate' of undefined
    at module.exports.index (D:\内网通\学习\高级node\练习\egg-demo\app\controller\user.js:12:35)
    at Object.callFn (D:\内网通\学习\高级node\练习\egg-demo\node_modules\egg-core\lib\utils\index.js:44:21)
    at Object.classControllerMiddleware (D:\内网通\学习\高级node\练习\egg-demo\node_modules\egg-core\lib\loader\mixin\controller.js:87:20)
    at Object.callFn (D:\内网通\学习\高级node\练习\egg-demo\node_modules\@eggjs\router\lib\utils.js:12:21)
    at wrappedController (D:\内网通\学习\高级node\练习\egg-demo\node_modules\@eggjs\router\lib\egg_router.js:322:18)
    at dispatch (D:\内网通\学习\高级node\练习\egg-demo\node_modules\koa-compose\index.js:44:32)
    at next (D:\内网通\学习\高级node\练习\egg-demo\node_modules\koa-compose\index.js:45:18)
    at D:\内网通\学习\高级node\练习\egg-demo\node_modules\@eggjs\router\lib\router.js:190:18
    at dispatch (D:\内网通\学习\高级node\练习\egg-demo\node_modules\koa-compose\index.js:44:32)
    at D:\内网通\学习\高级node\练习\egg-demo\node_modules\koa-compose\index.js:36:12

pid: 15960
hostname: DESKTOP-RU9Q0D0

2019-12-07 09:06:47,175 ERROR 4688 [-/127.0.0.1/-/5ms POST /login] nodejs.ReferenceError: username is not defined
    at module.exports.senduser (D:\内网通\学习\高级node\练习\egg-dome\egg-node\app\controller\user.js:47:13)
    at Object.callFn (D:\内网通\学习\高级node\练习\egg-dome\egg-node\node_modules\egg-core\lib\utils\index.js:44:21)
    at Object.classControllerMiddleware (D:\内网通\学习\高级node\练习\egg-dome\egg-node\node_modules\egg-core\lib\loader\mixin\controller.js:87:20)
    at Object.callFn (D:\内网通\学习\高级node\练习\egg-dome\egg-node\node_modules\@eggjs\router\lib\utils.js:12:21)
    at wrappedController (D:\内网通\学习\高级node\练习\egg-dome\egg-node\node_modules\@eggjs\router\lib\egg_router.js:322:18)
    at dispatch (D:\内网通\学习\高级node\练习\egg-dome\egg-node\node_modules\koa-compose\index.js:44:32)
    at next (D:\内网通\学习\高级node\练习\egg-dome\egg-node\node_modules\koa-compose\index.js:45:18)
    at D:\内网通\学习\高级node\练习\egg-dome\egg-node\node_modules\@eggjs\router\lib\router.js:190:18
    at dispatch (D:\内网通\学习\高级node\练习\egg-dome\egg-node\node_modules\koa-compose\index.js:44:32)
    at D:\内网通\学习\高级node\练习\egg-dome\egg-node\node_modules\koa-compose\index.js:36:12

pid: 4688
hostname: DESKTOP-RU9Q0D0

2019-12-07 09:08:17,544 ERROR 4688 [-/127.0.0.1/-/1ms POST /login] nodejs.ReferenceError: username is not defined
    at module.exports.senduser (D:\内网通\学习\高级node\练习\egg-dome\egg-node\app\controller\user.js:47:13)
    at Object.callFn (D:\内网通\学习\高级node\练习\egg-dome\egg-node\node_modules\egg-core\lib\utils\index.js:44:21)
    at Object.classControllerMiddleware (D:\内网通\学习\高级node\练习\egg-dome\egg-node\node_modules\egg-core\lib\loader\mixin\controller.js:87:20)
    at Object.callFn (D:\内网通\学习\高级node\练习\egg-dome\egg-node\node_modules\@eggjs\router\lib\utils.js:12:21)
    at wrappedController (D:\内网通\学习\高级node\练习\egg-dome\egg-node\node_modules\@eggjs\router\lib\egg_router.js:322:18)
    at dispatch (D:\内网通\学习\高级node\练习\egg-dome\egg-node\node_modules\koa-compose\index.js:44:32)
    at next (D:\内网通\学习\高级node\练习\egg-dome\egg-node\node_modules\koa-compose\index.js:45:18)
    at D:\内网通\学习\高级node\练习\egg-dome\egg-node\node_modules\@eggjs\router\lib\router.js:190:18
    at dispatch (D:\内网通\学习\高级node\练习\egg-dome\egg-node\node_modules\koa-compose\index.js:44:32)
    at D:\内网通\学习\高级node\练习\egg-dome\egg-node\node_modules\koa-compose\index.js:36:12

pid: 4688
hostname: DESKTOP-RU9Q0D0

2019-12-07 09:12:31,767 ERROR 5644 [-/127.0.0.1/-/168ms POST /login] nodejs.ER_CANT_AGGREGATE_2COLLATIONSError: ER_CANT_AGGREGATE_2COLLATIONS: Illegal mix of collations (latin1_swedish_ci,IMPLICIT) and (utf8_general_ci,COERCIBLE) for operation '='
    at Query.Sequence._packetToError (D:\内网通\学习\高级node\练习\egg-dome\egg-node\node_modules\mysql\lib\protocol\sequences\Sequence.js:47:14)
    at Query.ErrorPacket (D:\内网通\学习\高级node\练习\egg-dome\egg-node\node_modules\mysql\lib\protocol\sequences\Query.js:77:18)
    at Protocol._parsePacket (D:\内网通\学习\高级node\练习\egg-dome\egg-node\node_modules\mysql\lib\protocol\Protocol.js:291:23)
    at Parser._parsePacket (D:\内网通\学习\高级node\练习\egg-dome\egg-node\node_modules\mysql\lib\protocol\Parser.js:433:10)
    at Parser.write (D:\内网通\学习\高级node\练习\egg-dome\egg-node\node_modules\mysql\lib\protocol\Parser.js:43:10)
    at Protocol.write (D:\内网通\学习\高级node\练习\egg-dome\egg-node\node_modules\mysql\lib\protocol\Protocol.js:38:16)
    at Socket.<anonymous> (D:\内网通\学习\高级node\练习\egg-dome\egg-node\node_modules\mysql\lib\Connection.js:91:28)
    at Socket.<anonymous> (D:\内网通\学习\高级node\练习\egg-dome\egg-node\node_modules\mysql\lib\Connection.js:525:10)
    at Socket.emit (events.js:198:13)
    at addChunk (_stream_readable.js:288:12)
    --------------------
    at Pool.query (D:\内网通\学习\高级node\练习\egg-dome\egg-node\node_modules\mysql\lib\Pool.js:199:23)
    at D:\内网通\学习\高级node\练习\egg-dome\egg-node\node_modules\ali-rds\node_modules\pify\index.js:29:7
    at new Promise (<anonymous>)
    at Pool.<anonymous> (D:\内网通\学习\高级node\练习\egg-dome\egg-node\node_modules\ali-rds\node_modules\pify\index.js:12:10)
    at Pool.ret [as query] (D:\内网通\学习\高级node\练习\egg-dome\egg-node\node_modules\ali-rds\node_modules\pify\index.js:56:34)
    at RDSClient.proto._query (D:\内网通\学习\高级node\练习\egg-dome\egg-node\node_modules\ali-rds\lib\client.js:34:20)
    at RDSClient.proto.query (D:\内网通\学习\高级node\练习\egg-dome\egg-node\node_modules\ali-rds\lib\operator.js:54:29)
    at proto.query.next (<anonymous>)
    at onFulfilled (D:\内网通\学习\高级node\练习\egg-dome\egg-node\node_modules\co\index.js:65:19)
    at D:\内网通\学习\高级node\练习\egg-dome\egg-node\node_modules\co\index.js:54:5
    sql: SELECT * FROM `user` WHERE `username` = '苏诗陌' AND `password` = '123456' LIMIT 0, 1
code: "ER_CANT_AGGREGATE_2COLLATIONS"
errno: 1267
sqlMessage: "Illegal mix of collations (latin1_swedish_ci,IMPLICIT) and (utf8_general_ci,COERCIBLE) for operation '='"
sqlState: "HY000"
index: 0
sql: "SELECT * FROM `user` WHERE `username` = '苏诗陌' AND `password` = '123456' LIMIT 0, 1"
name: "ER_CANT_AGGREGATE_2COLLATIONSError"
pid: 5644
hostname: DESKTOP-RU9Q0D0

2019-12-07 09:34:12,383 ERROR 1736 [-/127.0.0.1/-/7ms POST /login] nodejs.ER_CANT_AGGREGATE_2COLLATIONSError: ER_CANT_AGGREGATE_2COLLATIONS: Illegal mix of collations (latin1_swedish_ci,IMPLICIT) and (utf8_general_ci,COERCIBLE) for operation '='
    at Query.Sequence._packetToError (D:\内网通\学习\高级node\练习\egg-dome\egg-node\node_modules\mysql\lib\protocol\sequences\Sequence.js:47:14)
    at Query.ErrorPacket (D:\内网通\学习\高级node\练习\egg-dome\egg-node\node_modules\mysql\lib\protocol\sequences\Query.js:77:18)
    at Protocol._parsePacket (D:\内网通\学习\高级node\练习\egg-dome\egg-node\node_modules\mysql\lib\protocol\Protocol.js:291:23)
    at Parser._parsePacket (D:\内网通\学习\高级node\练习\egg-dome\egg-node\node_modules\mysql\lib\protocol\Parser.js:433:10)
    at Parser.write (D:\内网通\学习\高级node\练习\egg-dome\egg-node\node_modules\mysql\lib\protocol\Parser.js:43:10)
    at Protocol.write (D:\内网通\学习\高级node\练习\egg-dome\egg-node\node_modules\mysql\lib\protocol\Protocol.js:38:16)
    at Socket.<anonymous> (D:\内网通\学习\高级node\练习\egg-dome\egg-node\node_modules\mysql\lib\Connection.js:91:28)
    at Socket.<anonymous> (D:\内网通\学习\高级node\练习\egg-dome\egg-node\node_modules\mysql\lib\Connection.js:525:10)
    at Socket.emit (events.js:198:13)
    at addChunk (_stream_readable.js:288:12)
    --------------------
    at Pool.query (D:\内网通\学习\高级node\练习\egg-dome\egg-node\node_modules\mysql\lib\Pool.js:199:23)
    at D:\内网通\学习\高级node\练习\egg-dome\egg-node\node_modules\ali-rds\node_modules\pify\index.js:29:7
    at new Promise (<anonymous>)
    at Pool.<anonymous> (D:\内网通\学习\高级node\练习\egg-dome\egg-node\node_modules\ali-rds\node_modules\pify\index.js:12:10)
    at Pool.ret [as query] (D:\内网通\学习\高级node\练习\egg-dome\egg-node\node_modules\ali-rds\node_modules\pify\index.js:56:34)
    at RDSClient.proto._query (D:\内网通\学习\高级node\练习\egg-dome\egg-node\node_modules\ali-rds\lib\client.js:34:20)
    at RDSClient.proto.query (D:\内网通\学习\高级node\练习\egg-dome\egg-node\node_modules\ali-rds\lib\operator.js:54:29)
    at proto.query.next (<anonymous>)
    at onFulfilled (D:\内网通\学习\高级node\练习\egg-dome\egg-node\node_modules\co\index.js:65:19)
    at D:\内网通\学习\高级node\练习\egg-dome\egg-node\node_modules\co\index.js:54:5
    sql: SELECT * FROM `user` WHERE `username` = '苏诗陌' AND `password` = '1234567' LIMIT 0, 1
code: "ER_CANT_AGGREGATE_2COLLATIONS"
errno: 1267
sqlMessage: "Illegal mix of collations (latin1_swedish_ci,IMPLICIT) and (utf8_general_ci,COERCIBLE) for operation '='"
sqlState: "HY000"
index: 0
sql: "SELECT * FROM `user` WHERE `username` = '苏诗陌' AND `password` = '1234567' LIMIT 0, 1"
name: "ER_CANT_AGGREGATE_2COLLATIONSError"
pid: 1736
hostname: DESKTOP-RU9Q0D0

2019-12-07 11:32:03,425 ERROR 7528 [-/127.0.0.1/-/24ms GET /getuserinfo] nodejs.TypeError: Cannot read property 'app' of undefined
    at module.exports.getuserinfo (D:\内网通\学习\高级node\练习\egg-dome\egg-node\app\controller\user.js:70:43)
    at Object.callFn (D:\内网通\学习\高级node\练习\egg-dome\egg-node\node_modules\egg-core\lib\utils\index.js:44:21)
    at Object.classControllerMiddleware (D:\内网通\学习\高级node\练习\egg-dome\egg-node\node_modules\egg-core\lib\loader\mixin\controller.js:87:20)
    at Object.callFn (D:\内网通\学习\高级node\练习\egg-dome\egg-node\node_modules\@eggjs\router\lib\utils.js:12:21)
    at wrappedController (D:\内网通\学习\高级node\练习\egg-dome\egg-node\node_modules\@eggjs\router\lib\egg_router.js:322:18)
    at dispatch (D:\内网通\学习\高级node\练习\egg-dome\egg-node\node_modules\koa-compose\index.js:44:32)
    at next (D:\内网通\学习\高级node\练习\egg-dome\egg-node\node_modules\koa-compose\index.js:45:18)
    at D:\内网通\学习\高级node\练习\egg-dome\egg-node\node_modules\@eggjs\router\lib\router.js:190:18
    at dispatch (D:\内网通\学习\高级node\练习\egg-dome\egg-node\node_modules\koa-compose\index.js:44:32)
    at D:\内网通\学习\高级node\练习\egg-dome\egg-node\node_modules\koa-compose\index.js:36:12

pid: 7528
hostname: DESKTOP-RU9Q0D0

2019-12-09 13:58:56,009 ERROR 16336 [-/127.0.0.1/-/11ms POST /registry] nodejs.ER_DUP_ENTRYError: ER_DUP_ENTRY: Duplicate entry '苏诗陌' for key 'PRIMARY'
    at Query.Sequence._packetToError (D:\内网通\学习\高级node\练习\egg-dome\egg-node\node_modules\mysql\lib\protocol\sequences\Sequence.js:47:14)
    at Query.ErrorPacket (D:\内网通\学习\高级node\练习\egg-dome\egg-node\node_modules\mysql\lib\protocol\sequences\Query.js:77:18)
    at Protocol._parsePacket (D:\内网通\学习\高级node\练习\egg-dome\egg-node\node_modules\mysql\lib\protocol\Protocol.js:291:23)
    at Parser._parsePacket (D:\内网通\学习\高级node\练习\egg-dome\egg-node\node_modules\mysql\lib\protocol\Parser.js:433:10)
    at Parser.write (D:\内网通\学习\高级node\练习\egg-dome\egg-node\node_modules\mysql\lib\protocol\Parser.js:43:10)
    at Protocol.write (D:\内网通\学习\高级node\练习\egg-dome\egg-node\node_modules\mysql\lib\protocol\Protocol.js:38:16)
    at Socket.<anonymous> (D:\内网通\学习\高级node\练习\egg-dome\egg-node\node_modules\mysql\lib\Connection.js:91:28)
    at Socket.<anonymous> (D:\内网通\学习\高级node\练习\egg-dome\egg-node\node_modules\mysql\lib\Connection.js:525:10)
    at Socket.emit (events.js:198:13)
    at addChunk (_stream_readable.js:288:12)
    --------------------
    at Pool.query (D:\内网通\学习\高级node\练习\egg-dome\egg-node\node_modules\mysql\lib\Pool.js:199:23)
    at D:\内网通\学习\高级node\练习\egg-dome\egg-node\node_modules\ali-rds\node_modules\pify\index.js:29:7
    at new Promise (<anonymous>)
    at Pool.<anonymous> (D:\内网通\学习\高级node\练习\egg-dome\egg-node\node_modules\ali-rds\node_modules\pify\index.js:12:10)
    at Pool.ret [as query] (D:\内网通\学习\高级node\练习\egg-dome\egg-node\node_modules\ali-rds\node_modules\pify\index.js:56:34)
    at RDSClient.proto._query (D:\内网通\学习\高级node\练习\egg-dome\egg-node\node_modules\ali-rds\lib\client.js:34:20)
    at RDSClient.proto.query (D:\内网通\学习\高级node\练习\egg-dome\egg-node\node_modules\ali-rds\lib\operator.js:54:29)
    at proto.query.next (<anonymous>)
    at onFulfilled (D:\内网通\学习\高级node\练习\egg-dome\egg-node\node_modules\co\index.js:65:19)
    at D:\内网通\学习\高级node\练习\egg-dome\egg-node\node_modules\co\index.js:54:5
    sql: INSERT INTO `user`(`username`, `password`, `usercode`, `identity`, `id`) VALUES('苏诗陌', '121212', '1234567890', 'aaa111', 'iax')
code: "ER_DUP_ENTRY"
errno: 1062
sqlMessage: "Duplicate entry '苏诗陌' for key 'PRIMARY'"
sqlState: "23000"
index: 0
sql: "INSERT INTO `user`(`username`, `password`, `usercode`, `identity`, `id`) VALUES('苏诗陌', '121212', '1234567890', 'aaa111', 'iax')"
name: "ER_DUP_ENTRYError"
pid: 16336
hostname: DESKTOP-RU9Q0D0

2019-12-09 13:59:00,166 ERROR 16336 [-/127.0.0.1/-/3ms POST /registry] nodejs.ER_DUP_ENTRYError: ER_DUP_ENTRY: Duplicate entry '苏诗陌' for key 'PRIMARY'
    at Query.Sequence._packetToError (D:\内网通\学习\高级node\练习\egg-dome\egg-node\node_modules\mysql\lib\protocol\sequences\Sequence.js:47:14)
    at Query.ErrorPacket (D:\内网通\学习\高级node\练习\egg-dome\egg-node\node_modules\mysql\lib\protocol\sequences\Query.js:77:18)
    at Protocol._parsePacket (D:\内网通\学习\高级node\练习\egg-dome\egg-node\node_modules\mysql\lib\protocol\Protocol.js:291:23)
    at Parser._parsePacket (D:\内网通\学习\高级node\练习\egg-dome\egg-node\node_modules\mysql\lib\protocol\Parser.js:433:10)
    at Parser.write (D:\内网通\学习\高级node\练习\egg-dome\egg-node\node_modules\mysql\lib\protocol\Parser.js:43:10)
    at Protocol.write (D:\内网通\学习\高级node\练习\egg-dome\egg-node\node_modules\mysql\lib\protocol\Protocol.js:38:16)
    at Socket.<anonymous> (D:\内网通\学习\高级node\练习\egg-dome\egg-node\node_modules\mysql\lib\Connection.js:91:28)
    at Socket.<anonymous> (D:\内网通\学习\高级node\练习\egg-dome\egg-node\node_modules\mysql\lib\Connection.js:525:10)
    at Socket.emit (events.js:198:13)
    at addChunk (_stream_readable.js:288:12)
    --------------------
    at Pool.query (D:\内网通\学习\高级node\练习\egg-dome\egg-node\node_modules\mysql\lib\Pool.js:199:23)
    at D:\内网通\学习\高级node\练习\egg-dome\egg-node\node_modules\ali-rds\node_modules\pify\index.js:29:7
    at new Promise (<anonymous>)
    at Pool.<anonymous> (D:\内网通\学习\高级node\练习\egg-dome\egg-node\node_modules\ali-rds\node_modules\pify\index.js:12:10)
    at Pool.ret [as query] (D:\内网通\学习\高级node\练习\egg-dome\egg-node\node_modules\ali-rds\node_modules\pify\index.js:56:34)
    at RDSClient.proto._query (D:\内网通\学习\高级node\练习\egg-dome\egg-node\node_modules\ali-rds\lib\client.js:34:20)
    at RDSClient.proto.query (D:\内网通\学习\高级node\练习\egg-dome\egg-node\node_modules\ali-rds\lib\operator.js:54:29)
    at proto.query.next (<anonymous>)
    at onFulfilled (D:\内网通\学习\高级node\练习\egg-dome\egg-node\node_modules\co\index.js:65:19)
    at D:\内网通\学习\高级node\练习\egg-dome\egg-node\node_modules\co\index.js:54:5
    sql: INSERT INTO `user`(`username`, `password`, `usercode`, `identity`, `id`) VALUES('苏诗陌', '121212', '1234567890', 'aaa111', 'ebp')
code: "ER_DUP_ENTRY"
errno: 1062
sqlMessage: "Duplicate entry '苏诗陌' for key 'PRIMARY'"
sqlState: "23000"
index: 0
sql: "INSERT INTO `user`(`username`, `password`, `usercode`, `identity`, `id`) VALUES('苏诗陌', '121212', '1234567890', 'aaa111', 'ebp')"
name: "ER_DUP_ENTRYError"
pid: 16336
hostname: DESKTOP-RU9Q0D0

2019-12-09 13:59:42,131 ERROR 18040 [-/127.0.0.1/-/30ms POST /registry] nodejs.ER_DUP_ENTRYError: ER_DUP_ENTRY: Duplicate entry '苏诗陌' for key 'PRIMARY'
    at Query.Sequence._packetToError (D:\内网通\学习\高级node\练习\egg-dome\egg-node\node_modules\mysql\lib\protocol\sequences\Sequence.js:47:14)
    at Query.ErrorPacket (D:\内网通\学习\高级node\练习\egg-dome\egg-node\node_modules\mysql\lib\protocol\sequences\Query.js:77:18)
    at Protocol._parsePacket (D:\内网通\学习\高级node\练习\egg-dome\egg-node\node_modules\mysql\lib\protocol\Protocol.js:291:23)
    at Parser._parsePacket (D:\内网通\学习\高级node\练习\egg-dome\egg-node\node_modules\mysql\lib\protocol\Parser.js:433:10)
    at Parser.write (D:\内网通\学习\高级node\练习\egg-dome\egg-node\node_modules\mysql\lib\protocol\Parser.js:43:10)
    at Protocol.write (D:\内网通\学习\高级node\练习\egg-dome\egg-node\node_modules\mysql\lib\protocol\Protocol.js:38:16)
    at Socket.<anonymous> (D:\内网通\学习\高级node\练习\egg-dome\egg-node\node_modules\mysql\lib\Connection.js:91:28)
    at Socket.<anonymous> (D:\内网通\学习\高级node\练习\egg-dome\egg-node\node_modules\mysql\lib\Connection.js:525:10)
    at Socket.emit (events.js:198:13)
    at addChunk (_stream_readable.js:288:12)
    --------------------
    at Pool.query (D:\内网通\学习\高级node\练习\egg-dome\egg-node\node_modules\mysql\lib\Pool.js:199:23)
    at D:\内网通\学习\高级node\练习\egg-dome\egg-node\node_modules\ali-rds\node_modules\pify\index.js:29:7
    at new Promise (<anonymous>)
    at Pool.<anonymous> (D:\内网通\学习\高级node\练习\egg-dome\egg-node\node_modules\ali-rds\node_modules\pify\index.js:12:10)
    at Pool.ret [as query] (D:\内网通\学习\高级node\练习\egg-dome\egg-node\node_modules\ali-rds\node_modules\pify\index.js:56:34)
    at RDSClient.proto._query (D:\内网通\学习\高级node\练习\egg-dome\egg-node\node_modules\ali-rds\lib\client.js:34:20)
    at RDSClient.proto.query (D:\内网通\学习\高级node\练习\egg-dome\egg-node\node_modules\ali-rds\lib\operator.js:54:29)
    at proto.query.next (<anonymous>)
    at onFulfilled (D:\内网通\学习\高级node\练习\egg-dome\egg-node\node_modules\co\index.js:65:19)
    at D:\内网通\学习\高级node\练习\egg-dome\egg-node\node_modules\co\index.js:54:5
    sql: INSERT INTO `user`(`username`, `password`, `usercode`, `identity`, `id`) VALUES('苏诗陌', '121212', '1234567890', 'aaa111', '8al')
code: "ER_DUP_ENTRY"
errno: 1062
sqlMessage: "Duplicate entry '苏诗陌' for key 'PRIMARY'"
sqlState: "23000"
index: 0
sql: "INSERT INTO `user`(`username`, `password`, `usercode`, `identity`, `id`) VALUES('苏诗陌', '121212', '1234567890', 'aaa111', '8al')"
name: "ER_DUP_ENTRYError"
pid: 18040
hostname: DESKTOP-RU9Q0D0

